{"uid":"c711f73a62cf2584","name":"Update project name","fullName":"Update project name","historyId":"Update project name","time":{"start":1686167753710,"stop":1686167785041,"duration":31331},"status":"failed","statusMessage":"no such element: Unable to locate element: {\"method\":\"xpath\",\"selector\":\"//li/a[@href=\"/auth/login\"]\"}\n  (Session info: chrome=113.0.5672.63)","statusTrace":"OpenQA.Selenium.NoSuchElementException: no such element: Unable to locate element: {\"method\":\"xpath\",\"selector\":\"//li/a[@href=\"/auth/login\"]\"}\n  (Session info: chrome=113.0.5672.63)\n   at OpenQA.Selenium.WebDriver.UnpackAndThrowOnError(Response errorResponse, String commandToExecute)\n   at OpenQA.Selenium.WebDriver.Execute(String driverCommandToExecute, Dictionary`2 parameters)\n   at OpenQA.Selenium.WebDriver.FindElement(String mechanism, String value)\n   at OpenQA.Selenium.By.<.ctor>b__11_0(ISearchContext context)\n   at OpenQA.Selenium.By.FindElement(ISearchContext context)\n   at OpenQA.Selenium.WebDriver.FindElement(By by)\n   at TestProject3.code.control.Control.FindControl() in /home/runner/work/Module3SeleniumProject/Module3SeleniumProject/TestProject3/code/control/Control.cs:line 22\n   at TestProject3.code.control.Control.Click() in /home/runner/work/Module3SeleniumProject/Module3SeleniumProject/TestProject3/code/control/Control.cs:line 26\n   at Module3SeleniumProject.StepDefinitions.Test1_CreateProjectStepDefinitions.GivenIAmLoggedInTodoIst() in /home/runner/work/Module3SeleniumProject/Module3SeleniumProject/TestProject3/StepDefinitions/Test1_CreateProjectStepDefinitions.cs:line 20\n   at TechTalk.SpecFlow.Bindings.BindingInvoker.InvokeBinding(IBinding binding, IContextManager contextManager, Object[] arguments, ITestTracer testTracer, TimeSpan& duration)\n   at Allure.SpecFlowPlugin.AllureBindingInvoker.InvokeBinding(IBinding binding, IContextManager contextManager, Object[] arguments, ITestTracer testTracer, TimeSpan& duration)\n   at TechTalk.SpecFlow.Infrastructure.TestExecutionEngine.ExecuteStepMatch(BindingMatch match, Object[] arguments, TimeSpan& duration)\n   at TechTalk.SpecFlow.Infrastructure.TestExecutionEngine.ExecuteStep(IContextManager contextManager, StepInstance stepInstance)","flaky":false,"newFailed":false,"newBroken":false,"newPassed":false,"retriesCount":0,"retriesStatusChange":false,"beforeStages":[],"testStage":{"status":"failed","statusMessage":"no such element: Unable to locate element: {\"method\":\"xpath\",\"selector\":\"//li/a[@href=\"/auth/login\"]\"}\n  (Session info: chrome=113.0.5672.63)","statusTrace":"OpenQA.Selenium.NoSuchElementException: no such element: Unable to locate element: {\"method\":\"xpath\",\"selector\":\"//li/a[@href=\"/auth/login\"]\"}\n  (Session info: chrome=113.0.5672.63)\n   at OpenQA.Selenium.WebDriver.UnpackAndThrowOnError(Response errorResponse, String commandToExecute)\n   at OpenQA.Selenium.WebDriver.Execute(String driverCommandToExecute, Dictionary`2 parameters)\n   at OpenQA.Selenium.WebDriver.FindElement(String mechanism, String value)\n   at OpenQA.Selenium.By.<.ctor>b__11_0(ISearchContext context)\n   at OpenQA.Selenium.By.FindElement(ISearchContext context)\n   at OpenQA.Selenium.WebDriver.FindElement(By by)\n   at TestProject3.code.control.Control.FindControl() in /home/runner/work/Module3SeleniumProject/Module3SeleniumProject/TestProject3/code/control/Control.cs:line 22\n   at TestProject3.code.control.Control.Click() in /home/runner/work/Module3SeleniumProject/Module3SeleniumProject/TestProject3/code/control/Control.cs:line 26\n   at Module3SeleniumProject.StepDefinitions.Test1_CreateProjectStepDefinitions.GivenIAmLoggedInTodoIst() in /home/runner/work/Module3SeleniumProject/Module3SeleniumProject/TestProject3/StepDefinitions/Test1_CreateProjectStepDefinitions.cs:line 20\n   at TechTalk.SpecFlow.Bindings.BindingInvoker.InvokeBinding(IBinding binding, IContextManager contextManager, Object[] arguments, ITestTracer testTracer, TimeSpan& duration)\n   at Allure.SpecFlowPlugin.AllureBindingInvoker.InvokeBinding(IBinding binding, IContextManager contextManager, Object[] arguments, ITestTracer testTracer, TimeSpan& duration)\n   at TechTalk.SpecFlow.Infrastructure.TestExecutionEngine.ExecuteStepMatch(BindingMatch match, Object[] arguments, TimeSpan& duration)\n   at TechTalk.SpecFlow.Infrastructure.TestExecutionEngine.ExecuteStep(IContextManager contextManager, StepInstance stepInstance)","steps":[{"name":"Given  I am logged in TodoIst","time":{"start":1686167753710,"stop":1686167785040,"duration":31330},"status":"failed","steps":[],"attachments":[],"parameters":[],"stepsCount":0,"attachmentsCount":0,"shouldDisplayMessage":false,"hasContent":false},{"name":"When  I select the project to be updated","time":{"start":1686167785041,"stop":1686167785041,"duration":0},"status":"skipped","steps":[],"attachments":[],"parameters":[],"stepsCount":0,"attachmentsCount":0,"shouldDisplayMessage":false,"hasContent":false},{"name":"And  I update the project name","time":{"start":1686167785041,"stop":1686167785041,"duration":0},"status":"skipped","steps":[],"attachments":[],"parameters":[],"stepsCount":0,"attachmentsCount":0,"shouldDisplayMessage":false,"hasContent":false},{"name":"And  I click the Save button","time":{"start":1686167785041,"stop":1686167785041,"duration":0},"status":"skipped","steps":[],"attachments":[],"parameters":[],"stepsCount":0,"attachmentsCount":0,"shouldDisplayMessage":false,"hasContent":false},{"name":"Then  I should see the updated project name","time":{"start":1686167785041,"stop":1686167785041,"duration":0},"status":"skipped","steps":[],"attachments":[],"parameters":[],"stepsCount":0,"attachmentsCount":0,"shouldDisplayMessage":false,"hasContent":false}],"attachments":[],"parameters":[],"stepsCount":5,"attachmentsCount":0,"shouldDisplayMessage":true,"hasContent":true},"afterStages":[],"labels":[{"name":"thread","value":"NonParallelWorker"},{"name":"host","value":"fv-az443-841"},{"name":"feature","value":"test 2 Update Project"},{"name":"resultFormat","value":"allure2"}],"parameters":[],"links":[],"hidden":false,"retry":false,"extra":{"severity":"normal","retries":[],"categories":[{"name":"Product defects","matchedStatuses":[],"flaky":false}],"tags":[]},"source":"c711f73a62cf2584.json","parameterValues":[]}