{"uid":"dfe017d9d98d24e","name":"Update project name","fullName":"Update project name","historyId":"Update project name","time":{"start":1686170386053,"stop":1686170386176,"duration":123},"status":"failed","statusMessage":"unknown error: Chrome failed to start: exited abnormally.\n  (unknown error: DevToolsActivePort file doesn't exist)\n  (The process started from chrome location /usr/bin/google-chrome is no longer running, so ChromeDriver is assuming that Chrome has crashed.)","statusTrace":"OpenQA.Selenium.WebDriverException: unknown error: Chrome failed to start: exited abnormally.\n  (unknown error: DevToolsActivePort file doesn't exist)\n  (The process started from chrome location /usr/bin/google-chrome is no longer running, so ChromeDriver is assuming that Chrome has crashed.)\n   at OpenQA.Selenium.WebDriver.UnpackAndThrowOnError(Response errorResponse, String commandToExecute)\n   at OpenQA.Selenium.WebDriver.Execute(String driverCommandToExecute, Dictionary`2 parameters)\n   at OpenQA.Selenium.WebDriver.StartSession(ICapabilities desiredCapabilities)\n   at OpenQA.Selenium.WebDriver..ctor(ICommandExecutor executor, ICapabilities capabilities)\n   at OpenQA.Selenium.Chromium.ChromiumDriver..ctor(ChromiumDriverService service, ChromiumOptions options, TimeSpan commandTimeout)\n   at OpenQA.Selenium.Chrome.ChromeDriver..ctor(ChromeDriverService service, ChromeOptions options, TimeSpan commandTimeout)\n   at OpenQA.Selenium.Chrome.ChromeDriver..ctor(ChromeOptions options)\n   at OpenQA.Selenium.Chrome.ChromeDriver..ctor()\n   at TestProject3.code.factoryBrowser.Chrome.Create() in /home/runner/work/Module3SeleniumProject/Module3SeleniumProject/TestProject3/code/factoryBrowser/Chrome.cs:line 15\n   at TestProject3.code.session.Session..ctor() in /home/runner/work/Module3SeleniumProject/Module3SeleniumProject/TestProject3/code/session/Session.cs:line 19\n   at TestProject3.code.session.Session.Instance() in /home/runner/work/Module3SeleniumProject/Module3SeleniumProject/TestProject3/code/session/Session.cs:line 25\n   at TestProject3.code.test.TestBase.OpenBrowser() in /home/runner/work/Module3SeleniumProject/Module3SeleniumProject/TestProject3/code/test/TestBase.cs:line 18\n   at Module3SeleniumProject.StepDefinitions.Test1_CreateProjectStepDefinitions.GivenIAmLoggedInTodoIst() in /home/runner/work/Module3SeleniumProject/Module3SeleniumProject/TestProject3/StepDefinitions/Test1_CreateProjectStepDefinitions.cs:line 20\n   at TechTalk.SpecFlow.Bindings.BindingInvoker.InvokeBinding(IBinding binding, IContextManager contextManager, Object[] arguments, ITestTracer testTracer, TimeSpan& duration)\n   at Allure.SpecFlowPlugin.AllureBindingInvoker.InvokeBinding(IBinding binding, IContextManager contextManager, Object[] arguments, ITestTracer testTracer, TimeSpan& duration)\n   at TechTalk.SpecFlow.Infrastructure.TestExecutionEngine.ExecuteStepMatch(BindingMatch match, Object[] arguments, TimeSpan& duration)\n   at TechTalk.SpecFlow.Infrastructure.TestExecutionEngine.ExecuteStep(IContextManager contextManager, StepInstance stepInstance)","flaky":false,"newFailed":false,"newBroken":false,"newPassed":false,"retriesCount":0,"retriesStatusChange":false,"beforeStages":[],"testStage":{"status":"failed","statusMessage":"unknown error: Chrome failed to start: exited abnormally.\n  (unknown error: DevToolsActivePort file doesn't exist)\n  (The process started from chrome location /usr/bin/google-chrome is no longer running, so ChromeDriver is assuming that Chrome has crashed.)","statusTrace":"OpenQA.Selenium.WebDriverException: unknown error: Chrome failed to start: exited abnormally.\n  (unknown error: DevToolsActivePort file doesn't exist)\n  (The process started from chrome location /usr/bin/google-chrome is no longer running, so ChromeDriver is assuming that Chrome has crashed.)\n   at OpenQA.Selenium.WebDriver.UnpackAndThrowOnError(Response errorResponse, String commandToExecute)\n   at OpenQA.Selenium.WebDriver.Execute(String driverCommandToExecute, Dictionary`2 parameters)\n   at OpenQA.Selenium.WebDriver.StartSession(ICapabilities desiredCapabilities)\n   at OpenQA.Selenium.WebDriver..ctor(ICommandExecutor executor, ICapabilities capabilities)\n   at OpenQA.Selenium.Chromium.ChromiumDriver..ctor(ChromiumDriverService service, ChromiumOptions options, TimeSpan commandTimeout)\n   at OpenQA.Selenium.Chrome.ChromeDriver..ctor(ChromeDriverService service, ChromeOptions options, TimeSpan commandTimeout)\n   at OpenQA.Selenium.Chrome.ChromeDriver..ctor(ChromeOptions options)\n   at OpenQA.Selenium.Chrome.ChromeDriver..ctor()\n   at TestProject3.code.factoryBrowser.Chrome.Create() in /home/runner/work/Module3SeleniumProject/Module3SeleniumProject/TestProject3/code/factoryBrowser/Chrome.cs:line 15\n   at TestProject3.code.session.Session..ctor() in /home/runner/work/Module3SeleniumProject/Module3SeleniumProject/TestProject3/code/session/Session.cs:line 19\n   at TestProject3.code.session.Session.Instance() in /home/runner/work/Module3SeleniumProject/Module3SeleniumProject/TestProject3/code/session/Session.cs:line 25\n   at TestProject3.code.test.TestBase.OpenBrowser() in /home/runner/work/Module3SeleniumProject/Module3SeleniumProject/TestProject3/code/test/TestBase.cs:line 18\n   at Module3SeleniumProject.StepDefinitions.Test1_CreateProjectStepDefinitions.GivenIAmLoggedInTodoIst() in /home/runner/work/Module3SeleniumProject/Module3SeleniumProject/TestProject3/StepDefinitions/Test1_CreateProjectStepDefinitions.cs:line 20\n   at TechTalk.SpecFlow.Bindings.BindingInvoker.InvokeBinding(IBinding binding, IContextManager contextManager, Object[] arguments, ITestTracer testTracer, TimeSpan& duration)\n   at Allure.SpecFlowPlugin.AllureBindingInvoker.InvokeBinding(IBinding binding, IContextManager contextManager, Object[] arguments, ITestTracer testTracer, TimeSpan& duration)\n   at TechTalk.SpecFlow.Infrastructure.TestExecutionEngine.ExecuteStepMatch(BindingMatch match, Object[] arguments, TimeSpan& duration)\n   at TechTalk.SpecFlow.Infrastructure.TestExecutionEngine.ExecuteStep(IContextManager contextManager, StepInstance stepInstance)","steps":[{"name":"Given  I am logged in TodoIst","time":{"start":1686170386053,"stop":1686170386175,"duration":122},"status":"failed","steps":[],"attachments":[],"parameters":[],"stepsCount":0,"attachmentsCount":0,"shouldDisplayMessage":false,"hasContent":false},{"name":"When  I select the project to be updated","time":{"start":1686170386175,"stop":1686170386175,"duration":0},"status":"skipped","steps":[],"attachments":[],"parameters":[],"stepsCount":0,"attachmentsCount":0,"shouldDisplayMessage":false,"hasContent":false},{"name":"And  I update the project name","time":{"start":1686170386175,"stop":1686170386175,"duration":0},"status":"skipped","steps":[],"attachments":[],"parameters":[],"stepsCount":0,"attachmentsCount":0,"shouldDisplayMessage":false,"hasContent":false},{"name":"And  I click the Save button","time":{"start":1686170386175,"stop":1686170386175,"duration":0},"status":"skipped","steps":[],"attachments":[],"parameters":[],"stepsCount":0,"attachmentsCount":0,"shouldDisplayMessage":false,"hasContent":false},{"name":"Then  I should see the updated project name","time":{"start":1686170386175,"stop":1686170386175,"duration":0},"status":"skipped","steps":[],"attachments":[],"parameters":[],"stepsCount":0,"attachmentsCount":0,"shouldDisplayMessage":false,"hasContent":false}],"attachments":[],"parameters":[],"stepsCount":5,"attachmentsCount":0,"shouldDisplayMessage":true,"hasContent":true},"afterStages":[],"labels":[{"name":"thread","value":"NonParallelWorker"},{"name":"host","value":"fv-az360-744"},{"name":"feature","value":"test 2 Update Project"},{"name":"resultFormat","value":"allure2"}],"parameters":[],"links":[],"hidden":false,"retry":false,"extra":{"severity":"normal","retries":[],"categories":[{"name":"Product defects","matchedStatuses":[],"flaky":false}],"tags":[]},"source":"dfe017d9d98d24e.json","parameterValues":[]}